latexindent version 3.0, a script to indent .tex files
	latexindent lives here: /usr/local/gitsoftware/latexindent.pl/
	Sat Mar 17 11:18:39 2018
Processing switches
	-s|--silent: Silent mode active (you have used either -s or --silent)
	-w|--overwrite: Overwrite mode active, will make a back up of frontpage.tex first
	-m|--modifylinebreaks: modify line breaks
Directory for backup files and indent.log: .
YAML settings read
	Reading defaultSettings.yaml from /usr/local/gitsoftware/latexindent.pl/defaultSettings.yaml
	Home directory is /Users/Andreas (didn't find either indentconfig.yaml or .indentconfig.yaml)
	To specify user settings you would put indentconfig.yaml here: /Users/Andreas/indentconfig.yaml
	Alternatively, you can use the hidden file .indentconfig.yaml as: /Users/Andreas/.indentconfig.yaml
Backup procedure (-w flag active):
	copying frontpage.tex to ./frontpage.bak
List of items: myitem|item (see itemNames)
looking for VERBATIM commands (see verbatimCommands)
looking for FILE CONTENTS environments (see fileContentsEnvironments)
	looking for filecontents:1 environments
	looking for filecontents*:1 environments
Phase 1: searching for objects
	looking for ENVIRONMENTS
	looking for IFELSEFI
	looking for HEADINGS (chapter, section, part, etc)
	looking for COMMANDS and key = {value}
	looking for SPECIAL begin/end
Objects have been found.
Operating on: masterdocument
Number of children:
	5
Phase 2: finding surrounding indentation
Phase 3: indenting objects
Phase 4: final indentation check
Output routine
	Overwriting file frontpage.tex
--------------
Please direct all communication/issues to: 
	https://github.com/cmhughes/latexindent.pl
